<?xml version="1.0" encoding="UTF-8"?>
<testsuites>
    <testsuite name="force.apex" timestamp="2025-06-09T04:16:03.000Z" hostname="https://energy-ability-4692.my.salesforce.com" tests="3" failures="0"  errors="0"  time="0.05">
        <properties>
            <property name="outcome" value="Successful"/>
            <property name="testsRan" value="3"/>
            <property name="passing" value="3"/>
            <property name="failing" value="0"/>
            <property name="skipped" value="0"/>
            <property name="passRate" value="100%"/>
            <property name="failRate" value="0%"/>
            <property name="testStartTime" value="Mon Jun 09 2025 9:46:03 AM"/>
            <property name="testSetupTimeInMs" value="0"/>
            <property name="testExecutionTime" value="0.05 s"/>
            <property name="testTotalTime" value="0.05 s"/>
            <property name="commandTime" value="0.19 s"/>
            <property name="hostname" value="https://energy-ability-4692.my.salesforce.com"/>
            <property name="orgId" value="00DdN00000gPfEHUA0"/>
            <property name="username" value="karthikknvamma-lch7@force.com"/>
            <property name="testRunId" value="707dN00000Hut92"/>
            <property name="userId" value="005dN000006PKo6QAG"/>
            <property name="coveredLines" value="2"/>
            <property name="testRunCoverage" value="67%"/>
            <property name="orgWideCoverage" value="66%"/>
        </properties>
        <testcase name="testHandleFirstMethod" classname="MyFirstApexTest" time="0.01">
        </testcase>
        <testcase name="testConstructor" classname="MySecondApexTest" time="0.02">
        </testcase>
        <testcase name="testExecute" classname="ExampleTest" time="0.02">
        </testcase>
    </testsuite>
</testsuites>
